Arguments: 
  C:\Program Files\nodejs\node.exe C:\Users\makey\AppData\Roaming\npm\node_modules\yarn\bin\yarn.js add gatsby-plugin-fontawesome-css

PATH: 
  C:\Users\makey\bin;C:\Program Files\Git\mingw64\bin;C:\Program Files\Git\usr\local\bin;C:\Program Files\Git\usr\bin;C:\Program Files\Git\usr\bin;C:\Program Files\Git\mingw64\bin;C:\Program Files\Git\usr\bin;C:\Users\makey\bin;C:\Users\makey\AppData\Local\Programs\Microsoft VS Code;C:\Program Files\Git\cmd;C:\Users\makey\AppData\Roaming\nvm;C:\Program Files\nodejs;C:\Program Files\Docker\Docker\resources\bin;C:\ProgramData\DockerDesktop\version-bin;C:\Users\makey\AppData\Roaming\npm;C:\Users\makey\AppData\Local\atom\bin;C:\Users\makey\AppData\Local\Programs\Hyper\resources\bin;C:\Users\makey\AppData\Roaming\nvm;C:\Program Files\nodejs;C:\Program Files\Git\usr\bin\vendor_perl;C:\Program Files\Git\usr\bin\core_perl

Yarn version: 
  1.22.17

Node version: 
  14.16.0

Platform: 
  win32 x64

Trace: 
  Error: https://registry.yarnpkg.com/date-fns/-/date-fns-2.27.0.tgz: ESOCKETTIMEDOUT
      at ClientRequest.<anonymous> (C:\Users\makey\AppData\Roaming\npm\node_modules\yarn\lib\cli.js:141510:19)
      at Object.onceWrapper (events.js:421:28)
      at ClientRequest.emit (events.js:315:20)
      at TLSSocket.emitRequestTimeout (_http_client.js:784:9)
      at Object.onceWrapper (events.js:421:28)
      at TLSSocket.emit (events.js:327:22)
      at TLSSocket.Socket._onTimeout (net.js:483:8)
      at listOnTimeout (internal/timers.js:554:17)
      at processTimers (internal/timers.js:497:7)

npm manifest: 
  {
      "name": "marcus-gatsby",
      "version": "1.0.0",
      "private": true,
      "description": "Marcus Gatsby",
      "author": "marcuslindqvist",
      "keywords": [
          "gatsby"
      ],
      "license": "UNLICENSED",
      "scripts": {
          "develop": "gatsby develop",
          "start": "gatsby develop",
          "build": "gatsby build",
          "serve": "gatsby serve",
          "clean": "gatsby clean"
      },
      "dependencies": {
          "gatsby": "^4.2.0",
          "gatsby-plugin-image": "^2.2.0",
          "gatsby-plugin-sharp": "^4.2.0",
          "gatsby-source-contentful": "^7.0.0",
          "gatsby-transformer-sharp": "^4.2.0",
          "path-browserify": "^1.0.1",
          "react": "^17.0.1",
          "react-dom": "^17.0.1",
          "url": "^0.11.0"
      }
  }

yarn manifest: 
  No manifest

Lockfile: 
  No lockfile
